2024-07-02 12:14:34.853 +05:30 [INF] User profile is available. Using 'C:\Users\nikhil.m\AppData\Local\ASP.NET\DataProtection-Keys' as key repository and Windows DPAPI to encrypt keys at rest.
2024-07-02 12:14:35.184 +05:30 [INF] Now listening on: https://localhost:7285
2024-07-02 12:14:35.185 +05:30 [INF] Now listening on: http://localhost:5185
2024-07-02 12:14:35.235 +05:30 [INF] Application started. Press Ctrl+C to shut down.
2024-07-02 12:14:35.240 +05:30 [INF] Hosting environment: Development
2024-07-02 12:14:35.242 +05:30 [INF] Content root path: C:\Users\nikhil.m\OneDrive - Technovert\Documents\GitHub\To-Do-App\ToDoAppWebApi\ToDoAppWebApi
2024-07-02 12:14:36.161 +05:30 [INF] Request starting HTTP/2 GET https://localhost:7285/swagger/index.html - null null
2024-07-02 12:14:36.385 +05:30 [INF] Request finished HTTP/2 GET https://localhost:7285/swagger/index.html - 200 null text/html;charset=utf-8 231.034ms
2024-07-02 12:14:36.390 +05:30 [INF] Request starting HTTP/2 GET https://localhost:7285/_framework/aspnetcore-browser-refresh.js - null null
2024-07-02 12:14:36.423 +05:30 [INF] Request finished HTTP/2 GET https://localhost:7285/_framework/aspnetcore-browser-refresh.js - 200 13762 application/javascript; charset=utf-8 33.6659ms
2024-07-02 12:14:36.791 +05:30 [INF] Request starting HTTP/2 GET https://localhost:7285/swagger/v1/swagger.json - null null
2024-07-02 12:14:36.969 +05:30 [INF] Request finished HTTP/2 GET https://localhost:7285/swagger/v1/swagger.json - 200 null application/json;charset=utf-8 177.2825ms
2024-07-02 12:14:45.381 +05:30 [INF] Request starting HTTP/2 OPTIONS https://localhost:7285/api/Tasks/Add - null null
2024-07-02 12:14:45.393 +05:30 [INF] CORS policy execution successful.
2024-07-02 12:14:45.396 +05:30 [INF] Request finished HTTP/2 OPTIONS https://localhost:7285/api/Tasks/Add - 204 null null 15.1263ms
2024-07-02 12:14:45.402 +05:30 [INF] Request starting HTTP/2 POST https://localhost:7285/api/Tasks/Add - application/json 138
2024-07-02 12:14:45.403 +05:30 [INF] CORS policy execution successful.
2024-07-02 12:14:45.601 +05:30 [INF] Failed to validate the token.
Microsoft.IdentityModel.Tokens.SecurityTokenExpiredException: IDX10223: Lifetime validation failed. The token is expired. ValidTo (UTC): '7/2/2024 6:02:46 AM', Current time (UTC): '7/2/2024 6:44:45 AM'.
   at Microsoft.IdentityModel.Tokens.Validators.ValidateLifetime(Nullable`1 notBefore, Nullable`1 expires, SecurityToken securityToken, TokenValidationParameters validationParameters)
   at Microsoft.IdentityModel.JsonWebTokens.JsonWebTokenHandler.ValidateTokenPayloadAsync(JsonWebToken jsonWebToken, TokenValidationParameters validationParameters, BaseConfiguration configuration)
   at Microsoft.IdentityModel.JsonWebTokens.JsonWebTokenHandler.ValidateJWSAsync(JsonWebToken jsonWebToken, TokenValidationParameters validationParameters, BaseConfiguration configuration)
2024-07-02 12:14:45.624 +05:30 [INF] Bearer was not authenticated. Failure message: IDX10223: Lifetime validation failed. The token is expired. ValidTo (UTC): '7/2/2024 6:02:46 AM', Current time (UTC): '7/2/2024 6:44:45 AM'.
2024-07-02 12:14:45.632 +05:30 [INF] Authorization failed. These requirements were not met:
DenyAnonymousAuthorizationRequirement: Requires an authenticated user.
2024-07-02 12:14:45.640 +05:30 [INF] AuthenticationScheme: Bearer was challenged.
2024-07-02 12:14:45.643 +05:30 [INF] Request finished HTTP/2 POST https://localhost:7285/api/Tasks/Add - 401 0 null 240.5151ms
2024-07-02 12:14:47.851 +05:30 [INF] Request starting HTTP/2 OPTIONS https://localhost:7285/api/Auth/login - null null
2024-07-02 12:14:47.860 +05:30 [INF] CORS policy execution successful.
2024-07-02 12:14:47.861 +05:30 [INF] Request finished HTTP/2 OPTIONS https://localhost:7285/api/Auth/login - 204 null null 11.4797ms
2024-07-02 12:14:47.864 +05:30 [INF] Request starting HTTP/2 POST https://localhost:7285/api/Auth/login - application/json 42
2024-07-02 12:14:47.868 +05:30 [INF] CORS policy execution successful.
2024-07-02 12:14:47.887 +05:30 [INF] Executing endpoint 'ToDoAppWebApi.Controllers.AuthController.Login (ToDoAppWebApi)'
2024-07-02 12:14:47.957 +05:30 [INF] Route matched with {action = "Login", controller = "Auth"}. Executing controller action with signature Microsoft.AspNetCore.Mvc.IActionResult Login(ToDoApp.Concerns.UserDTO) on controller ToDoAppWebApi.Controllers.AuthController (ToDoAppWebApi).
2024-07-02 12:14:49.736 +05:30 [INF] Executed DbCommand (54ms) [Parameters=[@__username_0='?' (Size = 50)], CommandType='"Text"', CommandTimeout='30']
SELECT TOP(1) [u].[UserId], [u].[Password], [u].[Username]
FROM [Users] AS [u]
WHERE [u].[Username] = @__username_0
2024-07-02 12:14:49.891 +05:30 [INF] Executing OkObjectResult, writing value of type '<>f__AnonymousType2`1[[System.String, System.Private.CoreLib, Version=8.0.0.0, Culture=neutral, PublicKeyToken=7cec85d7bea7798e]]'.
2024-07-02 12:14:49.897 +05:30 [INF] Executed action ToDoAppWebApi.Controllers.AuthController.Login (ToDoAppWebApi) in 1934.0898ms
2024-07-02 12:14:49.897 +05:30 [INF] Executed endpoint 'ToDoAppWebApi.Controllers.AuthController.Login (ToDoAppWebApi)'
2024-07-02 12:14:49.906 +05:30 [INF] Request finished HTTP/2 POST https://localhost:7285/api/Auth/login - 200 null application/json; charset=utf-8 2042.3609ms
2024-07-02 12:14:49.926 +05:30 [INF] Request starting HTTP/2 OPTIONS https://localhost:7285/api/Tasks?statusId=1 - null null
2024-07-02 12:14:49.926 +05:30 [INF] Request starting HTTP/2 OPTIONS https://localhost:7285/api/Tasks?statusId=2 - null null
2024-07-02 12:14:49.926 +05:30 [INF] CORS policy execution successful.
2024-07-02 12:14:49.927 +05:30 [INF] Request finished HTTP/2 OPTIONS https://localhost:7285/api/Tasks?statusId=2 - 204 null null 0.4781ms
2024-07-02 12:14:49.929 +05:30 [INF] CORS policy execution successful.
2024-07-02 12:14:49.929 +05:30 [INF] Request finished HTTP/2 OPTIONS https://localhost:7285/api/Tasks?statusId=1 - 204 null null 3.0418ms
2024-07-02 12:14:49.935 +05:30 [INF] Request starting HTTP/2 GET https://localhost:7285/api/Tasks?statusId=2 - null null
2024-07-02 12:14:49.935 +05:30 [INF] Request starting HTTP/2 GET https://localhost:7285/api/Tasks?statusId=1 - null null
2024-07-02 12:14:49.935 +05:30 [INF] CORS policy execution successful.
2024-07-02 12:14:49.935 +05:30 [INF] CORS policy execution successful.
2024-07-02 12:14:49.961 +05:30 [INF] Executing endpoint 'ToDoAppWebApi.Controllers.TasksController.GetTasks (ToDoAppWebApi)'
2024-07-02 12:14:49.961 +05:30 [INF] Executing endpoint 'ToDoAppWebApi.Controllers.TasksController.GetTasks (ToDoAppWebApi)'
2024-07-02 12:14:49.968 +05:30 [INF] Route matched with {action = "GetTasks", controller = "Tasks"}. Executing controller action with signature System.Threading.Tasks.Task`1[Microsoft.AspNetCore.Mvc.IActionResult] GetTasks(System.Nullable`1[System.DateTime], System.Nullable`1[System.DateTime], System.Nullable`1[System.Int32]) on controller ToDoAppWebApi.Controllers.TasksController (ToDoAppWebApi).
2024-07-02 12:14:49.968 +05:30 [INF] Route matched with {action = "GetTasks", controller = "Tasks"}. Executing controller action with signature System.Threading.Tasks.Task`1[Microsoft.AspNetCore.Mvc.IActionResult] GetTasks(System.Nullable`1[System.DateTime], System.Nullable`1[System.DateTime], System.Nullable`1[System.Int32]) on controller ToDoAppWebApi.Controllers.TasksController (ToDoAppWebApi).
2024-07-02 12:14:50.183 +05:30 [INF] Executed DbCommand (31ms) [Parameters=[@__userId_0='?' (DbType = Int32), @__statusId_Value_1='?' (DbType = Int32)], CommandType='"Text"', CommandTimeout='30']
SELECT [t].[TaskId], [t].[CompletedOn], [t].[CreatedOn], [t].[Description], [t].[StatusId], [t].[Title], [t].[UserId], [s].[StatusId], [s].[StatusName]
FROM [Tasks] AS [t]
INNER JOIN [Statuses] AS [s] ON [t].[StatusId] = [s].[StatusId]
WHERE [t].[UserId] = @__userId_0 AND @__statusId_Value_1 = [t].[StatusId]
2024-07-02 12:14:50.197 +05:30 [INF] Executed DbCommand (4ms) [Parameters=[@__userId_0='?' (DbType = Int32), @__statusId_Value_1='?' (DbType = Int32)], CommandType='"Text"', CommandTimeout='30']
SELECT [t].[TaskId], [t].[CompletedOn], [t].[CreatedOn], [t].[Description], [t].[StatusId], [t].[Title], [t].[UserId], [s].[StatusId], [s].[StatusName]
FROM [Tasks] AS [t]
INNER JOIN [Statuses] AS [s] ON [t].[StatusId] = [s].[StatusId]
WHERE [t].[UserId] = @__userId_0 AND @__statusId_Value_1 = [t].[StatusId]
2024-07-02 12:14:50.262 +05:30 [INF] Executing OkObjectResult, writing value of type 'System.Collections.Generic.List`1[[ToDoApp.Concerns.TaskDTO, ToDoApp.Concerns, Version=1.0.0.0, Culture=neutral, PublicKeyToken=null]]'.
2024-07-02 12:14:50.262 +05:30 [INF] Executing OkObjectResult, writing value of type 'System.Collections.Generic.List`1[[ToDoApp.Concerns.TaskDTO, ToDoApp.Concerns, Version=1.0.0.0, Culture=neutral, PublicKeyToken=null]]'.
2024-07-02 12:14:50.282 +05:30 [INF] Executed action ToDoAppWebApi.Controllers.TasksController.GetTasks (ToDoAppWebApi) in 313.6075ms
2024-07-02 12:14:50.282 +05:30 [INF] Executed action ToDoAppWebApi.Controllers.TasksController.GetTasks (ToDoAppWebApi) in 313.5684ms
2024-07-02 12:14:50.282 +05:30 [INF] Executed endpoint 'ToDoAppWebApi.Controllers.TasksController.GetTasks (ToDoAppWebApi)'
2024-07-02 12:14:50.282 +05:30 [INF] Executed endpoint 'ToDoAppWebApi.Controllers.TasksController.GetTasks (ToDoAppWebApi)'
2024-07-02 12:14:50.283 +05:30 [INF] Request finished HTTP/2 GET https://localhost:7285/api/Tasks?statusId=1 - 200 null application/json; charset=utf-8 348.2834ms
2024-07-02 12:14:50.283 +05:30 [INF] Request finished HTTP/2 GET https://localhost:7285/api/Tasks?statusId=2 - 200 null application/json; charset=utf-8 348.285ms
2024-07-02 12:14:57.990 +05:30 [INF] Request starting HTTP/2 OPTIONS https://localhost:7285/api/Tasks/Add - null null
2024-07-02 12:14:57.992 +05:30 [INF] CORS policy execution successful.
2024-07-02 12:14:57.993 +05:30 [INF] Request finished HTTP/2 OPTIONS https://localhost:7285/api/Tasks/Add - 204 null null 4.4317ms
2024-07-02 12:14:57.999 +05:30 [INF] Request starting HTTP/2 POST https://localhost:7285/api/Tasks/Add - application/json 138
2024-07-02 12:14:58.000 +05:30 [INF] CORS policy execution successful.
2024-07-02 12:14:58.012 +05:30 [INF] Executing endpoint 'ToDoAppWebApi.Controllers.TasksController.AddTask (ToDoAppWebApi)'
2024-07-02 12:14:58.015 +05:30 [INF] Route matched with {action = "AddTask", controller = "Tasks"}. Executing controller action with signature Microsoft.AspNetCore.Mvc.IActionResult AddTask(ToDoApp.Concerns.TaskDTO) on controller ToDoAppWebApi.Controllers.TasksController (ToDoAppWebApi).
2024-07-02 12:15:07.276 +05:30 [INF] Executed DbCommand (14ms) [Parameters=[@p0='?' (DbType = DateTime), @p1='?' (DbType = DateTime), @p2='?' (Size = 4000), @p3='?' (DbType = Int32), @p4='?' (Size = 100), @p5='?' (DbType = Int32)], CommandType='"Text"', CommandTimeout='30']
SET IMPLICIT_TRANSACTIONS OFF;
SET NOCOUNT ON;
INSERT INTO [Tasks] ([CompletedOn], [CreatedOn], [Description], [StatusId], [Title], [UserId])
OUTPUT INSERTED.[TaskId]
VALUES (@p0, @p1, @p2, @p3, @p4, @p5);
2024-07-02 12:15:07.292 +05:30 [INF] Executing CreatedResult, writing value of type 'null'.
2024-07-02 12:15:07.292 +05:30 [INF] Executed action ToDoAppWebApi.Controllers.TasksController.AddTask (ToDoAppWebApi) in 9277.2813ms
2024-07-02 12:15:07.292 +05:30 [INF] Executed endpoint 'ToDoAppWebApi.Controllers.TasksController.AddTask (ToDoAppWebApi)'
2024-07-02 12:15:07.292 +05:30 [INF] Request finished HTTP/2 POST https://localhost:7285/api/Tasks/Add - 204 null null 9294.5487ms
2024-07-02 12:15:07.296 +05:30 [INF] Request starting HTTP/2 OPTIONS https://localhost:7285/api/Tasks?statusId=1 - null null
2024-07-02 12:15:07.296 +05:30 [INF] CORS policy execution successful.
2024-07-02 12:15:07.297 +05:30 [INF] Request finished HTTP/2 OPTIONS https://localhost:7285/api/Tasks?statusId=1 - 204 null null 0.7025ms
2024-07-02 12:15:07.297 +05:30 [INF] Request starting HTTP/2 OPTIONS https://localhost:7285/api/Tasks?statusId=2 - null null
2024-07-02 12:15:07.297 +05:30 [INF] CORS policy execution successful.
2024-07-02 12:15:07.298 +05:30 [INF] Request finished HTTP/2 OPTIONS https://localhost:7285/api/Tasks?statusId=2 - 204 null null 1.3501ms
2024-07-02 12:15:07.303 +05:30 [INF] Request starting HTTP/2 GET https://localhost:7285/api/Tasks?statusId=1 - null null
2024-07-02 12:15:07.303 +05:30 [INF] Request starting HTTP/2 GET https://localhost:7285/api/Tasks?statusId=2 - null null
2024-07-02 12:15:07.303 +05:30 [INF] CORS policy execution successful.
2024-07-02 12:15:07.303 +05:30 [INF] CORS policy execution successful.
2024-07-02 12:15:07.304 +05:30 [INF] Executing endpoint 'ToDoAppWebApi.Controllers.TasksController.GetTasks (ToDoAppWebApi)'
2024-07-02 12:15:07.304 +05:30 [INF] Executing endpoint 'ToDoAppWebApi.Controllers.TasksController.GetTasks (ToDoAppWebApi)'
2024-07-02 12:15:07.304 +05:30 [INF] Route matched with {action = "GetTasks", controller = "Tasks"}. Executing controller action with signature System.Threading.Tasks.Task`1[Microsoft.AspNetCore.Mvc.IActionResult] GetTasks(System.Nullable`1[System.DateTime], System.Nullable`1[System.DateTime], System.Nullable`1[System.Int32]) on controller ToDoAppWebApi.Controllers.TasksController (ToDoAppWebApi).
2024-07-02 12:15:07.304 +05:30 [INF] Route matched with {action = "GetTasks", controller = "Tasks"}. Executing controller action with signature System.Threading.Tasks.Task`1[Microsoft.AspNetCore.Mvc.IActionResult] GetTasks(System.Nullable`1[System.DateTime], System.Nullable`1[System.DateTime], System.Nullable`1[System.Int32]) on controller ToDoAppWebApi.Controllers.TasksController (ToDoAppWebApi).
2024-07-02 12:15:07.322 +05:30 [INF] Executed DbCommand (14ms) [Parameters=[@__userId_0='?' (DbType = Int32), @__statusId_Value_1='?' (DbType = Int32)], CommandType='"Text"', CommandTimeout='30']
SELECT [t].[TaskId], [t].[CompletedOn], [t].[CreatedOn], [t].[Description], [t].[StatusId], [t].[Title], [t].[UserId], [s].[StatusId], [s].[StatusName]
FROM [Tasks] AS [t]
INNER JOIN [Statuses] AS [s] ON [t].[StatusId] = [s].[StatusId]
WHERE [t].[UserId] = @__userId_0 AND @__statusId_Value_1 = [t].[StatusId]
2024-07-02 12:15:07.324 +05:30 [INF] Executing OkObjectResult, writing value of type 'System.Collections.Generic.List`1[[ToDoApp.Concerns.TaskDTO, ToDoApp.Concerns, Version=1.0.0.0, Culture=neutral, PublicKeyToken=null]]'.
2024-07-02 12:15:07.325 +05:30 [INF] Executed action ToDoAppWebApi.Controllers.TasksController.GetTasks (ToDoAppWebApi) in 21.255ms
2024-07-02 12:15:07.325 +05:30 [INF] Executed endpoint 'ToDoAppWebApi.Controllers.TasksController.GetTasks (ToDoAppWebApi)'
2024-07-02 12:15:07.326 +05:30 [INF] Request finished HTTP/2 GET https://localhost:7285/api/Tasks?statusId=2 - 200 null application/json; charset=utf-8 22.4205ms
2024-07-02 12:15:07.338 +05:30 [INF] Executed DbCommand (29ms) [Parameters=[@__userId_0='?' (DbType = Int32), @__statusId_Value_1='?' (DbType = Int32)], CommandType='"Text"', CommandTimeout='30']
SELECT [t].[TaskId], [t].[CompletedOn], [t].[CreatedOn], [t].[Description], [t].[StatusId], [t].[Title], [t].[UserId], [s].[StatusId], [s].[StatusName]
FROM [Tasks] AS [t]
INNER JOIN [Statuses] AS [s] ON [t].[StatusId] = [s].[StatusId]
WHERE [t].[UserId] = @__userId_0 AND @__statusId_Value_1 = [t].[StatusId]
2024-07-02 12:15:07.339 +05:30 [INF] Executing OkObjectResult, writing value of type 'System.Collections.Generic.List`1[[ToDoApp.Concerns.TaskDTO, ToDoApp.Concerns, Version=1.0.0.0, Culture=neutral, PublicKeyToken=null]]'.
2024-07-02 12:15:07.340 +05:30 [INF] Executed action ToDoAppWebApi.Controllers.TasksController.GetTasks (ToDoAppWebApi) in 35.6939ms
2024-07-02 12:15:07.340 +05:30 [INF] Executed endpoint 'ToDoAppWebApi.Controllers.TasksController.GetTasks (ToDoAppWebApi)'
2024-07-02 12:15:07.340 +05:30 [INF] Request finished HTTP/2 GET https://localhost:7285/api/Tasks?statusId=1 - 200 null application/json; charset=utf-8 37.1473ms
2024-07-02 12:15:20.918 +05:30 [INF] Request starting HTTP/2 OPTIONS https://localhost:7285/api/Tasks/Add - null null
2024-07-02 12:15:20.919 +05:30 [INF] CORS policy execution successful.
2024-07-02 12:15:20.919 +05:30 [INF] Request finished HTTP/2 OPTIONS https://localhost:7285/api/Tasks/Add - 204 null null 1.1756ms
2024-07-02 12:15:20.922 +05:30 [INF] Request starting HTTP/2 POST https://localhost:7285/api/Tasks/Add - application/json 138
2024-07-02 12:15:20.922 +05:30 [INF] CORS policy execution successful.
2024-07-02 12:15:20.922 +05:30 [INF] Executing endpoint 'ToDoAppWebApi.Controllers.TasksController.AddTask (ToDoAppWebApi)'
2024-07-02 12:15:20.922 +05:30 [INF] Route matched with {action = "AddTask", controller = "Tasks"}. Executing controller action with signature Microsoft.AspNetCore.Mvc.IActionResult AddTask(ToDoApp.Concerns.TaskDTO) on controller ToDoAppWebApi.Controllers.TasksController (ToDoAppWebApi).
2024-07-02 12:15:45.062 +05:30 [INF] Executed DbCommand (3ms) [Parameters=[@p0='?' (DbType = DateTime), @p1='?' (DbType = DateTime), @p2='?' (Size = 4000), @p3='?' (DbType = Int32), @p4='?' (Size = 100), @p5='?' (DbType = Int32)], CommandType='"Text"', CommandTimeout='30']
SET IMPLICIT_TRANSACTIONS OFF;
SET NOCOUNT ON;
INSERT INTO [Tasks] ([CompletedOn], [CreatedOn], [Description], [StatusId], [Title], [UserId])
OUTPUT INSERTED.[TaskId]
VALUES (@p0, @p1, @p2, @p3, @p4, @p5);
2024-07-02 12:15:45.088 +05:30 [ERR] An exception occurred in the database while saving changes for context type 'ToDoApp.Repository.Data.ToDoAppContext'.
Microsoft.EntityFrameworkCore.DbUpdateException: An error occurred while saving the entity changes. See the inner exception for details.
 ---> Microsoft.Data.SqlClient.SqlException (0x80131904): The INSERT statement conflicted with the FOREIGN KEY constraint "FK__Tasks__StatusId__6477ECF3". The conflict occurred in database "Nikhil_ToDoApp", table "dbo.Statuses", column 'StatusId'.
   at Microsoft.Data.SqlClient.SqlConnection.OnError(SqlException exception, Boolean breakConnection, Action`1 wrapCloseInAction)
   at Microsoft.Data.SqlClient.SqlInternalConnection.OnError(SqlException exception, Boolean breakConnection, Action`1 wrapCloseInAction)
   at Microsoft.Data.SqlClient.TdsParser.ThrowExceptionAndWarning(TdsParserStateObject stateObj, Boolean callerHasConnectionLock, Boolean asyncClose)
   at Microsoft.Data.SqlClient.TdsParser.TryRun(RunBehavior runBehavior, SqlCommand cmdHandler, SqlDataReader dataStream, BulkCopySimpleResultSet bulkCopyHandler, TdsParserStateObject stateObj, Boolean& dataReady)
   at Microsoft.Data.SqlClient.SqlDataReader.TryHasMoreRows(Boolean& moreRows)
   at Microsoft.Data.SqlClient.SqlDataReader.TryReadInternal(Boolean setTimeout, Boolean& more)
   at Microsoft.Data.SqlClient.SqlDataReader.Read()
   at Microsoft.EntityFrameworkCore.Storage.RelationalDataReader.Read()
   at Microsoft.EntityFrameworkCore.Update.AffectedCountModificationCommandBatch.ConsumeResultSet(Int32 startCommandIndex, RelationalDataReader reader)
ClientConnectionId:242b36f1-3517-43e5-aa24-31ebfb70e846
Error Number:547,State:0,Class:16
   --- End of inner exception stack trace ---
   at Microsoft.EntityFrameworkCore.Update.AffectedCountModificationCommandBatch.ConsumeResultSet(Int32 startCommandIndex, RelationalDataReader reader)
   at Microsoft.EntityFrameworkCore.Update.AffectedCountModificationCommandBatch.Consume(RelationalDataReader reader)
   at Microsoft.EntityFrameworkCore.Update.ReaderModificationCommandBatch.Execute(IRelationalConnection connection)
   at Microsoft.EntityFrameworkCore.SqlServer.Update.Internal.SqlServerModificationCommandBatch.Execute(IRelationalConnection connection)
   at Microsoft.EntityFrameworkCore.Update.Internal.BatchExecutor.Execute(IEnumerable`1 commandBatches, IRelationalConnection connection)
   at Microsoft.EntityFrameworkCore.Storage.RelationalDatabase.SaveChanges(IList`1 entries)
   at Microsoft.EntityFrameworkCore.ChangeTracking.Internal.StateManager.SaveChanges(IList`1 entriesToSave)
   at Microsoft.EntityFrameworkCore.ChangeTracking.Internal.StateManager.SaveChanges(StateManager stateManager, Boolean acceptAllChangesOnSuccess)
   at Microsoft.EntityFrameworkCore.ChangeTracking.Internal.StateManager.<>c.<SaveChanges>b__112_0(DbContext _, ValueTuple`2 t)
   at Microsoft.EntityFrameworkCore.SqlServer.Storage.Internal.SqlServerExecutionStrategy.Execute[TState,TResult](TState state, Func`3 operation, Func`3 verifySucceeded)
   at Microsoft.EntityFrameworkCore.ChangeTracking.Internal.StateManager.SaveChanges(Boolean acceptAllChangesOnSuccess)
   at Microsoft.EntityFrameworkCore.DbContext.SaveChanges(Boolean acceptAllChangesOnSuccess)
Microsoft.EntityFrameworkCore.DbUpdateException: An error occurred while saving the entity changes. See the inner exception for details.
 ---> Microsoft.Data.SqlClient.SqlException (0x80131904): The INSERT statement conflicted with the FOREIGN KEY constraint "FK__Tasks__StatusId__6477ECF3". The conflict occurred in database "Nikhil_ToDoApp", table "dbo.Statuses", column 'StatusId'.
   at Microsoft.Data.SqlClient.SqlConnection.OnError(SqlException exception, Boolean breakConnection, Action`1 wrapCloseInAction)
   at Microsoft.Data.SqlClient.SqlInternalConnection.OnError(SqlException exception, Boolean breakConnection, Action`1 wrapCloseInAction)
   at Microsoft.Data.SqlClient.TdsParser.ThrowExceptionAndWarning(TdsParserStateObject stateObj, Boolean callerHasConnectionLock, Boolean asyncClose)
   at Microsoft.Data.SqlClient.TdsParser.TryRun(RunBehavior runBehavior, SqlCommand cmdHandler, SqlDataReader dataStream, BulkCopySimpleResultSet bulkCopyHandler, TdsParserStateObject stateObj, Boolean& dataReady)
   at Microsoft.Data.SqlClient.SqlDataReader.TryHasMoreRows(Boolean& moreRows)
   at Microsoft.Data.SqlClient.SqlDataReader.TryReadInternal(Boolean setTimeout, Boolean& more)
   at Microsoft.Data.SqlClient.SqlDataReader.Read()
   at Microsoft.EntityFrameworkCore.Storage.RelationalDataReader.Read()
   at Microsoft.EntityFrameworkCore.Update.AffectedCountModificationCommandBatch.ConsumeResultSet(Int32 startCommandIndex, RelationalDataReader reader)
ClientConnectionId:242b36f1-3517-43e5-aa24-31ebfb70e846
Error Number:547,State:0,Class:16
   --- End of inner exception stack trace ---
   at Microsoft.EntityFrameworkCore.Update.AffectedCountModificationCommandBatch.ConsumeResultSet(Int32 startCommandIndex, RelationalDataReader reader)
   at Microsoft.EntityFrameworkCore.Update.AffectedCountModificationCommandBatch.Consume(RelationalDataReader reader)
   at Microsoft.EntityFrameworkCore.Update.ReaderModificationCommandBatch.Execute(IRelationalConnection connection)
   at Microsoft.EntityFrameworkCore.SqlServer.Update.Internal.SqlServerModificationCommandBatch.Execute(IRelationalConnection connection)
   at Microsoft.EntityFrameworkCore.Update.Internal.BatchExecutor.Execute(IEnumerable`1 commandBatches, IRelationalConnection connection)
   at Microsoft.EntityFrameworkCore.Storage.RelationalDatabase.SaveChanges(IList`1 entries)
   at Microsoft.EntityFrameworkCore.ChangeTracking.Internal.StateManager.SaveChanges(IList`1 entriesToSave)
   at Microsoft.EntityFrameworkCore.ChangeTracking.Internal.StateManager.SaveChanges(StateManager stateManager, Boolean acceptAllChangesOnSuccess)
   at Microsoft.EntityFrameworkCore.ChangeTracking.Internal.StateManager.<>c.<SaveChanges>b__112_0(DbContext _, ValueTuple`2 t)
   at Microsoft.EntityFrameworkCore.SqlServer.Storage.Internal.SqlServerExecutionStrategy.Execute[TState,TResult](TState state, Func`3 operation, Func`3 verifySucceeded)
   at Microsoft.EntityFrameworkCore.ChangeTracking.Internal.StateManager.SaveChanges(Boolean acceptAllChangesOnSuccess)
   at Microsoft.EntityFrameworkCore.DbContext.SaveChanges(Boolean acceptAllChangesOnSuccess)
2024-07-02 12:15:51.812 +05:30 [INF] Executing BadRequestObjectResult, writing value of type '<>f__AnonymousType1`1[[System.String, System.Private.CoreLib, Version=8.0.0.0, Culture=neutral, PublicKeyToken=7cec85d7bea7798e]]'.
2024-07-02 12:15:51.814 +05:30 [INF] Executed action ToDoAppWebApi.Controllers.TasksController.AddTask (ToDoAppWebApi) in 30890.9751ms
2024-07-02 12:15:51.814 +05:30 [INF] Executed endpoint 'ToDoAppWebApi.Controllers.TasksController.AddTask (ToDoAppWebApi)'
2024-07-02 12:15:51.814 +05:30 [INF] Request finished HTTP/2 POST https://localhost:7285/api/Tasks/Add - 400 null application/json; charset=utf-8 30892.5352ms
2024-07-02 12:16:32.636 +05:30 [INF] Request starting HTTP/2 GET https://localhost:7285/swagger/index.html - null null
2024-07-02 12:16:32.654 +05:30 [INF] Request finished HTTP/2 GET https://localhost:7285/swagger/index.html - 200 null text/html;charset=utf-8 18.3922ms
2024-07-02 12:16:32.663 +05:30 [INF] Request starting HTTP/2 GET https://localhost:7285/_framework/aspnetcore-browser-refresh.js - null null
2024-07-02 12:16:32.664 +05:30 [INF] Request finished HTTP/2 GET https://localhost:7285/_framework/aspnetcore-browser-refresh.js - 200 13762 application/javascript; charset=utf-8 0.8337ms
2024-07-02 12:16:32.747 +05:30 [INF] Request starting HTTP/2 GET https://localhost:7285/swagger/v1/swagger.json - null null
2024-07-02 12:16:32.753 +05:30 [INF] Request finished HTTP/2 GET https://localhost:7285/swagger/v1/swagger.json - 200 null application/json;charset=utf-8 6.3936ms
2024-07-02 12:16:34.609 +05:30 [INF] Request starting HTTP/2 OPTIONS https://localhost:7285/api/Tasks/Add - null null
2024-07-02 12:16:34.610 +05:30 [INF] CORS policy execution successful.
2024-07-02 12:16:34.610 +05:30 [INF] Request finished HTTP/2 OPTIONS https://localhost:7285/api/Tasks/Add - 204 null null 1.4996ms
2024-07-02 12:16:34.614 +05:30 [INF] Request starting HTTP/2 POST https://localhost:7285/api/Tasks/Add - application/json 138
2024-07-02 12:16:34.618 +05:30 [INF] CORS policy execution successful.
2024-07-02 12:16:34.618 +05:30 [INF] Executing endpoint 'ToDoAppWebApi.Controllers.TasksController.AddTask (ToDoAppWebApi)'
2024-07-02 12:16:34.625 +05:30 [INF] Route matched with {action = "AddTask", controller = "Tasks"}. Executing controller action with signature Microsoft.AspNetCore.Mvc.IActionResult AddTask(ToDoApp.Concerns.TaskDTO) on controller ToDoAppWebApi.Controllers.TasksController (ToDoAppWebApi).
2024-07-02 12:16:34.645 +05:30 [INF] Executed DbCommand (4ms) [Parameters=[@p0='?' (DbType = DateTime), @p1='?' (DbType = DateTime), @p2='?' (Size = 4000), @p3='?' (DbType = Int32), @p4='?' (Size = 100), @p5='?' (DbType = Int32)], CommandType='"Text"', CommandTimeout='30']
SET IMPLICIT_TRANSACTIONS OFF;
SET NOCOUNT ON;
INSERT INTO [Tasks] ([CompletedOn], [CreatedOn], [Description], [StatusId], [Title], [UserId])
OUTPUT INSERTED.[TaskId]
VALUES (@p0, @p1, @p2, @p3, @p4, @p5);
2024-07-02 12:16:34.647 +05:30 [INF] Executing CreatedResult, writing value of type 'null'.
2024-07-02 12:16:34.647 +05:30 [INF] Executed action ToDoAppWebApi.Controllers.TasksController.AddTask (ToDoAppWebApi) in 22.0032ms
2024-07-02 12:16:34.647 +05:30 [INF] Executed endpoint 'ToDoAppWebApi.Controllers.TasksController.AddTask (ToDoAppWebApi)'
2024-07-02 12:16:34.647 +05:30 [INF] Request finished HTTP/2 POST https://localhost:7285/api/Tasks/Add - 204 null null 33.1987ms
2024-07-02 12:16:34.653 +05:30 [INF] Request starting HTTP/2 OPTIONS https://localhost:7285/api/Tasks?statusId=1 - null null
2024-07-02 12:16:34.653 +05:30 [INF] CORS policy execution successful.
2024-07-02 12:16:34.653 +05:30 [INF] Request finished HTTP/2 OPTIONS https://localhost:7285/api/Tasks?statusId=1 - 204 null null 0.5959ms
2024-07-02 12:16:34.653 +05:30 [INF] Request starting HTTP/2 OPTIONS https://localhost:7285/api/Tasks?statusId=2 - null null
2024-07-02 12:16:34.653 +05:30 [INF] CORS policy execution successful.
2024-07-02 12:16:34.653 +05:30 [INF] Request finished HTTP/2 OPTIONS https://localhost:7285/api/Tasks?statusId=2 - 204 null null 0.3182ms
2024-07-02 12:16:34.658 +05:30 [INF] Request starting HTTP/2 GET https://localhost:7285/api/Tasks?statusId=2 - null null
2024-07-02 12:16:34.659 +05:30 [INF] Request starting HTTP/2 GET https://localhost:7285/api/Tasks?statusId=1 - null null
2024-07-02 12:16:34.659 +05:30 [INF] CORS policy execution successful.
2024-07-02 12:16:34.659 +05:30 [INF] CORS policy execution successful.
2024-07-02 12:16:34.659 +05:30 [INF] Executing endpoint 'ToDoAppWebApi.Controllers.TasksController.GetTasks (ToDoAppWebApi)'
2024-07-02 12:16:34.659 +05:30 [INF] Executing endpoint 'ToDoAppWebApi.Controllers.TasksController.GetTasks (ToDoAppWebApi)'
2024-07-02 12:16:34.666 +05:30 [INF] Route matched with {action = "GetTasks", controller = "Tasks"}. Executing controller action with signature System.Threading.Tasks.Task`1[Microsoft.AspNetCore.Mvc.IActionResult] GetTasks(System.Nullable`1[System.DateTime], System.Nullable`1[System.DateTime], System.Nullable`1[System.Int32]) on controller ToDoAppWebApi.Controllers.TasksController (ToDoAppWebApi).
2024-07-02 12:16:34.667 +05:30 [INF] Route matched with {action = "GetTasks", controller = "Tasks"}. Executing controller action with signature System.Threading.Tasks.Task`1[Microsoft.AspNetCore.Mvc.IActionResult] GetTasks(System.Nullable`1[System.DateTime], System.Nullable`1[System.DateTime], System.Nullable`1[System.Int32]) on controller ToDoAppWebApi.Controllers.TasksController (ToDoAppWebApi).
2024-07-02 12:16:34.679 +05:30 [INF] Executed DbCommand (7ms) [Parameters=[@__userId_0='?' (DbType = Int32), @__statusId_Value_1='?' (DbType = Int32)], CommandType='"Text"', CommandTimeout='30']
SELECT [t].[TaskId], [t].[CompletedOn], [t].[CreatedOn], [t].[Description], [t].[StatusId], [t].[Title], [t].[UserId], [s].[StatusId], [s].[StatusName]
FROM [Tasks] AS [t]
INNER JOIN [Statuses] AS [s] ON [t].[StatusId] = [s].[StatusId]
WHERE [t].[UserId] = @__userId_0 AND @__statusId_Value_1 = [t].[StatusId]
2024-07-02 12:16:34.680 +05:30 [INF] Executing OkObjectResult, writing value of type 'System.Collections.Generic.List`1[[ToDoApp.Concerns.TaskDTO, ToDoApp.Concerns, Version=1.0.0.0, Culture=neutral, PublicKeyToken=null]]'.
2024-07-02 12:16:34.683 +05:30 [INF] Executed DbCommand (9ms) [Parameters=[@__userId_0='?' (DbType = Int32), @__statusId_Value_1='?' (DbType = Int32)], CommandType='"Text"', CommandTimeout='30']
SELECT [t].[TaskId], [t].[CompletedOn], [t].[CreatedOn], [t].[Description], [t].[StatusId], [t].[Title], [t].[UserId], [s].[StatusId], [s].[StatusName]
FROM [Tasks] AS [t]
INNER JOIN [Statuses] AS [s] ON [t].[StatusId] = [s].[StatusId]
WHERE [t].[UserId] = @__userId_0 AND @__statusId_Value_1 = [t].[StatusId]
2024-07-02 12:16:34.689 +05:30 [INF] Executed action ToDoAppWebApi.Controllers.TasksController.GetTasks (ToDoAppWebApi) in 19.3385ms
2024-07-02 12:16:34.689 +05:30 [INF] Executed endpoint 'ToDoAppWebApi.Controllers.TasksController.GetTasks (ToDoAppWebApi)'
2024-07-02 12:16:34.690 +05:30 [INF] Request finished HTTP/2 GET https://localhost:7285/api/Tasks?statusId=1 - 200 null application/json; charset=utf-8 31.6798ms
2024-07-02 12:16:34.701 +05:30 [INF] Executing OkObjectResult, writing value of type 'System.Collections.Generic.List`1[[ToDoApp.Concerns.TaskDTO, ToDoApp.Concerns, Version=1.0.0.0, Culture=neutral, PublicKeyToken=null]]'.
2024-07-02 12:16:34.761 +05:30 [INF] Executed action ToDoAppWebApi.Controllers.TasksController.GetTasks (ToDoAppWebApi) in 93.4415ms
2024-07-02 12:16:34.761 +05:30 [INF] Executed endpoint 'ToDoAppWebApi.Controllers.TasksController.GetTasks (ToDoAppWebApi)'
2024-07-02 12:16:34.761 +05:30 [INF] Request finished HTTP/2 GET https://localhost:7285/api/Tasks?statusId=2 - 200 null application/json; charset=utf-8 103.0914ms
